[0306/162927.181:ERROR:process_memory_win.cc(73)] ReadMemory at 0x14cc3e90140 of 132 bytes failed: Only part of a ReadProcessMemory or WriteProcessMemory request was completed. (0x12B)
[0306/162927.182:ERROR:process_memory_win.cc(73)] ReadMemory at 0x14cc3e87720 of 132 bytes failed: Only part of a ReadProcessMemory or WriteProcessMemory request was completed. (0x12B)
[0306/162927.182:ERROR:process_memory_win.cc(73)] ReadMemory at 0x14cc3e86b70 of 1012 bytes failed: Only part of a ReadProcessMemory or WriteProcessMemory request was completed. (0x12B)
[0306/162927.182:ERROR:process_snapshot_win.cc(420)] ReadMemory RTL_USER_PROCESS_PARAMETERS
[0306/162927.191:ERROR:process_memory_win.cc(73)] ReadMemory at 0x14cc3e9bfe0 of 6656 bytes failed: Only part of a ReadProcessMemory or WriteProcessMemory request was completed. (0x12B)
[0306/162927.191:ERROR:process_snapshot_win.cc(322)] failed to read unloaded module data
[0306/162927.215:ERROR:process_memory_win.cc(73)] ReadMemory at 0x14cc42dd980 of 72 bytes failed: Only part of a ReadProcessMemory or WriteProcessMemory request was completed. (0x12B)
[0306/162927.215:WARNING:pe_image_annotations_reader.cc(134)] could not read annotations list object in C:\Program Files (x86)\Google\Chrome\Application\80.0.3987.132\chrome_elf.dll
[0306/162927.215:ERROR:process_memory_win.cc(73)] ReadMemory at 0x14cc43c7ad0 of 72 bytes failed: Only part of a ReadProcessMemory or WriteProcessMemory request was completed. (0x12B)
[0306/162927.215:WARNING:pe_image_annotations_reader.cc(134)] could not read annotations list object in C:\Program Files (x86)\Google\Chrome\Application\80.0.3987.132\chrome.dll
[0306/162927.513:ERROR:process_memory_win.cc(73)] ReadMemory at 0x14cc42dd980 of 72 bytes failed: Only part of a ReadProcessMemory or WriteProcessMemory request was completed. (0x12B)
[0306/162927.513:WARNING:pe_image_annotations_reader.cc(134)] could not read annotations list object in C:\Program Files (x86)\Google\Chrome\Application\80.0.3987.132\chrome_elf.dll
[0306/162927.513:ERROR:process_memory_win.cc(73)] ReadMemory at 0x14cc43c7ad0 of 72 bytes failed: Only part of a ReadProcessMemory or WriteProcessMemory request was completed. (0x12B)
[0306/162927.513:WARNING:pe_image_annotations_reader.cc(134)] could not read annotations list object in C:\Program Files (x86)\Google\Chrome\Application\80.0.3987.132\chrome.dll
[0306/162927.514:ERROR:process_memory_win.cc(73)] ReadMemory at 0x14cc42dd980 of 72 bytes failed: Only part of a ReadProcessMemory or WriteProcessMemory request was completed. (0x12B)
[0306/162927.514:WARNING:pe_image_annotations_reader.cc(134)] could not read annotations list object in C:\Program Files (x86)\Google\Chrome\Application\80.0.3987.132\chrome_elf.dll
[0306/162927.514:ERROR:process_memory_win.cc(73)] ReadMemory at 0x14cc43c7ad0 of 72 bytes failed: Only part of a ReadProcessMemory or WriteProcessMemory request was completed. (0x12B)
[0306/162927.514:WARNING:pe_image_annotations_reader.cc(134)] could not read annotations list object in C:\Program Files (x86)\Google\Chrome\Application\80.0.3987.132\chrome.dll
[0306/162927.599:ERROR:process_memory_win.cc(73)] ReadMemory at 0x175bff1000 of 61440 bytes failed: Only part of a ReadProcessMemory or WriteProcessMemory request was completed. (0x12B)
[0306/162927.599:ERROR:process_memory_win.cc(73)] ReadMemory at 0x175c7fd000 of 12288 bytes failed: Only part of a ReadProcessMemory or WriteProcessMemory request was completed. (0x12B)
[0306/162927.599:ERROR:process_memory_win.cc(73)] ReadMemory at 0x175d7fc000 of 16384 bytes failed: Only part of a ReadProcessMemory or WriteProcessMemory request was completed. (0x12B)
[0306/162927.599:ERROR:process_memory_win.cc(73)] ReadMemory at 0x175dffc000 of 16384 bytes failed: Only part of a ReadProcessMemory or WriteProcessMemory request was completed. (0x12B)
[0306/162927.599:ERROR:process_memory_win.cc(73)] ReadMemory at 0x175e7fe000 of 8192 bytes failed: Only part of a ReadProcessMemory or WriteProcessMemory request was completed. (0x12B)
[0306/162927.599:ERROR:process_memory_win.cc(73)] ReadMemory at 0x175effd000 of 12288 bytes failed: Only part of a ReadProcessMemory or WriteProcessMemory request was completed. (0x12B)
[0306/162927.599:ERROR:process_memory_win.cc(73)] ReadMemory at 0x175f7fb000 of 20480 bytes failed: Only part of a ReadProcessMemory or WriteProcessMemory request was completed. (0x12B)
[0306/162927.599:ERROR:process_memory_win.cc(73)] ReadMemory at 0x17607fd000 of 12288 bytes failed: Only part of a ReadProcessMemory or WriteProcessMemory request was completed. (0x12B)
[0306/162927.600:ERROR:process_memory_win.cc(73)] ReadMemory at 0x1760ffd000 of 12288 bytes failed: Only part of a ReadProcessMemory or WriteProcessMemory request was completed. (0x12B)
[0306/162927.600:ERROR:process_memory_win.cc(73)] ReadMemory at 0x17617fd000 of 12288 bytes failed: Only part of a ReadProcessMemory or WriteProcessMemory request was completed. (0x12B)
[0306/162927.600:ERROR:process_memory_win.cc(73)] ReadMemory at 0x1761ffd000 of 12288 bytes failed: Only part of a ReadProcessMemory or WriteProcessMemory request was completed. (0x12B)
[0306/162927.600:ERROR:process_memory_win.cc(73)] ReadMemory at 0x17627fd000 of 12288 bytes failed: Only part of a ReadProcessMemory or WriteProcessMemory request was completed. (0x12B)
[0306/162927.600:ERROR:process_memory_win.cc(73)] ReadMemory at 0x1762ffd000 of 12288 bytes failed: Only part of a ReadProcessMemory or WriteProcessMemory request was completed. (0x12B)
[0306/162927.600:ERROR:process_memory_win.cc(73)] ReadMemory at 0x17657fc000 of 16384 bytes failed: Only part of a ReadProcessMemory or WriteProcessMemory request was completed. (0x12B)
[0306/162927.600:ERROR:process_memory_win.cc(73)] ReadMemory at 0x17677fc000 of 16384 bytes failed: Only part of a ReadProcessMemory or WriteProcessMemory request was completed. (0x12B)
[0306/162927.600:ERROR:process_memory_win.cc(73)] ReadMemory at 0x1766ffd000 of 12288 bytes failed: Only part of a ReadProcessMemory or WriteProcessMemory request was completed. (0x12B)
[0306/162927.600:ERROR:process_memory_win.cc(73)] ReadMemory at 0x175fffd000 of 12288 bytes failed: Only part of a ReadProcessMemory or WriteProcessMemory request was completed. (0x12B)
[0306/162927.600:ERROR:process_memory_win.cc(73)] ReadMemory at 0x1763ffd000 of 12288 bytes failed: Only part of a ReadProcessMemory or WriteProcessMemory request was completed. (0x12B)
[0306/162927.600:ERROR:process_memory_win.cc(73)] ReadMemory at 0x17647fd000 of 12288 bytes failed: Only part of a ReadProcessMemory or WriteProcessMemory request was completed. (0x12B)
[0306/162927.600:ERROR:process_memory_win.cc(73)] ReadMemory at 0x175cffd000 of 12288 bytes failed: Only part of a ReadProcessMemory or WriteProcessMemory request was completed. (0x12B)
[0306/162927.600:ERROR:process_memory_win.cc(73)] ReadMemory at 0x17637fd000 of 12288 bytes failed: Only part of a ReadProcessMemory or WriteProcessMemory request was completed. (0x12B)
[0306/162927.600:ERROR:process_memory_win.cc(73)] ReadMemory at 0x1765ffd000 of 12288 bytes failed: Only part of a ReadProcessMemory or WriteProcessMemory request was completed. (0x12B)
[0306/162927.600:ERROR:process_memory_win.cc(73)] ReadMemory at 0x175b65b000 of 852 bytes failed: Only part of a ReadProcessMemory or WriteProcessMemory request was completed. (0x12B)
[0306/162927.601:ERROR:process_memory_win.cc(73)] ReadMemory at 0x175b65c000 of 6024 bytes failed: Only part of a ReadProcessMemory or WriteProcessMemory request was completed. (0x12B)
[0306/162927.601:ERROR:process_memory_win.cc(73)] ReadMemory at 0x175b65e000 of 6024 bytes failed: Only part of a ReadProcessMemory or WriteProcessMemory request was completed. (0x12B)
[0306/162927.601:ERROR:process_memory_win.cc(73)] ReadMemory at 0x175b662000 of 6024 bytes failed: Only part of a ReadProcessMemory or WriteProcessMemory request was completed. (0x12B)
[0306/162927.601:ERROR:process_memory_win.cc(73)] ReadMemory at 0x175b664000 of 6024 bytes failed: Only part of a ReadProcessMemory or WriteProcessMemory request was completed. (0x12B)
[0306/162927.601:ERROR:process_memory_win.cc(73)] ReadMemory at 0x175b666000 of 6024 bytes failed: Only part of a ReadProcessMemory or WriteProcessMemory request was completed. (0x12B)
[0306/162927.601:ERROR:process_memory_win.cc(73)] ReadMemory at 0x175b668000 of 6024 bytes failed: Only part of a ReadProcessMemory or WriteProcessMemory request was completed. (0x12B)
[0306/162927.601:ERROR:process_memory_win.cc(73)] ReadMemory at 0x175b66a000 of 6024 bytes failed: Only part of a ReadProcessMemory or WriteProcessMemory request was completed. (0x12B)
[0306/162927.601:ERROR:process_memory_win.cc(73)] ReadMemory at 0x175b66e000 of 6024 bytes failed: Only part of a ReadProcessMemory or WriteProcessMemory request was completed. (0x12B)
[0306/162927.601:ERROR:process_memory_win.cc(73)] ReadMemory at 0x175b670000 of 6024 bytes failed: Only part of a ReadProcessMemory or WriteProcessMemory request was completed. (0x12B)
[0306/162927.601:ERROR:process_memory_win.cc(73)] ReadMemory at 0x175b672000 of 6024 bytes failed: Only part of a ReadProcessMemory or WriteProcessMemory request was completed. (0x12B)
[0306/162927.601:ERROR:process_memory_win.cc(73)] ReadMemory at 0x175b674000 of 6024 bytes failed: Only part of a ReadProcessMemory or WriteProcessMemory request was completed. (0x12B)
[0306/162927.601:ERROR:process_memory_win.cc(73)] ReadMemory at 0x175b676000 of 6024 bytes failed: Only part of a ReadProcessMemory or WriteProcessMemory request was completed. (0x12B)
[0306/162927.601:ERROR:process_memory_win.cc(73)] ReadMemory at 0x175b678000 of 6024 bytes failed: Only part of a ReadProcessMemory or WriteProcessMemory request was completed. (0x12B)
[0306/162927.601:ERROR:process_memory_win.cc(73)] ReadMemory at 0x175b682000 of 6024 bytes failed: Only part of a ReadProcessMemory or WriteProcessMemory request was completed. (0x12B)
[0306/162927.601:ERROR:process_memory_win.cc(73)] ReadMemory at 0x175b688000 of 6024 bytes failed: Only part of a ReadProcessMemory or WriteProcessMemory request was completed. (0x12B)
[0306/162927.601:ERROR:process_memory_win.cc(73)] ReadMemory at 0x175b68a000 of 6024 bytes failed: Only part of a ReadProcessMemory or WriteProcessMemory request was completed. (0x12B)
[0306/162927.602:ERROR:process_memory_win.cc(73)] ReadMemory at 0x175b68e000 of 6024 bytes failed: Only part of a ReadProcessMemory or WriteProcessMemory request was completed. (0x12B)
[0306/162927.602:ERROR:process_memory_win.cc(73)] ReadMemory at 0x175b690000 of 6024 bytes failed: Only part of a ReadProcessMemory or WriteProcessMemory request was completed. (0x12B)
[0306/162927.602:ERROR:process_memory_win.cc(73)] ReadMemory at 0x175b692000 of 6024 bytes failed: Only part of a ReadProcessMemory or WriteProcessMemory request was completed. (0x12B)
[0306/162927.602:ERROR:process_memory_win.cc(73)] ReadMemory at 0x175b694000 of 6024 bytes failed: Only part of a ReadProcessMemory or WriteProcessMemory request was completed. (0x12B)
[0306/162927.602:ERROR:process_memory_win.cc(73)] ReadMemory at 0x175b696000 of 6024 bytes failed: Only part of a ReadProcessMemory or WriteProcessMemory request was completed. (0x12B)
[0306/162927.602:ERROR:process_memory_win.cc(73)] ReadMemory at 0x175b698000 of 6024 bytes failed: Only part of a ReadProcessMemory or WriteProcessMemory request was completed. (0x12B)
[0306/162927.602:ERROR:process_memory_win.cc(73)] ReadMemory at 0x14cc3e871b8 of 118 bytes failed: Only part of a ReadProcessMemory or WriteProcessMemory request was completed. (0x12B)
[0306/162927.602:ERROR:process_memory_win.cc(73)] ReadMemory at 0x14cc3e87620 of 58 bytes failed: Only part of a ReadProcessMemory or WriteProcessMemory request was completed. (0x12B)
[0306/162927.602:ERROR:process_memory_win.cc(73)] ReadMemory at 0x14cc3e87720 of 132 bytes failed: Only part of a ReadProcessMemory or WriteProcessMemory request was completed. (0x12B)
[0306/162927.602:ERROR:process_memory_win.cc(73)] ReadMemory at 0x14cc3e878b0 of 132 bytes failed: Only part of a ReadProcessMemory or WriteProcessMemory request was completed. (0x12B)
[0306/162927.602:ERROR:process_memory_win.cc(73)] ReadMemory at 0x14cc3e87e50 of 132 bytes failed: Only part of a ReadProcessMemory or WriteProcessMemory request was completed. (0x12B)
[0306/162927.602:ERROR:process_memory_win.cc(73)] ReadMemory at 0x14cc3e87fe0 of 64 bytes failed: Only part of a ReadProcessMemory or WriteProcessMemory request was completed. (0x12B)
[0306/162927.602:ERROR:process_memory_win.cc(73)] ReadMemory at 0x14cc3e881a0 of 132 bytes failed: Only part of a ReadProcessMemory or WriteProcessMemory request was completed. (0x12B)
[0306/162927.602:ERROR:process_memory_win.cc(73)] ReadMemory at 0x14cc3e88440 of 132 bytes failed: Only part of a ReadProcessMemory or WriteProcessMemory request was completed. (0x12B)
[0306/162927.603:ERROR:process_memory_win.cc(73)] ReadMemory at 0x14cc3e885d0 of 68 bytes failed: Only part of a ReadProcessMemory or WriteProcessMemory request was completed. (0x12B)
[0306/162927.603:ERROR:process_memory_win.cc(73)] ReadMemory at 0x14cc3e895c0 of 146 bytes failed: Only part of a ReadProcessMemory or WriteProcessMemory request was completed. (0x12B)
[0306/162927.603:ERROR:process_memory_win.cc(73)] ReadMemory at 0x14cc3e896a0 of 132 bytes failed: Only part of a ReadProcessMemory or WriteProcessMemory request was completed. (0x12B)
[0306/162927.603:ERROR:process_memory_win.cc(73)] ReadMemory at 0x14cc3e89830 of 154 bytes failed: Only part of a ReadProcessMemory or WriteProcessMemory request was completed. (0x12B)
[0306/162927.603:ERROR:process_memory_win.cc(73)] ReadMemory at 0x14cc3e8a570 of 132 bytes failed: Only part of a ReadProcessMemory or WriteProcessMemory request was completed. (0x12B)
[0306/162927.603:ERROR:process_memory_win.cc(73)] ReadMemory at 0x14cc3e8a700 of 60 bytes failed: Only part of a ReadProcessMemory or WriteProcessMemory request was completed. (0x12B)
[0306/162927.603:ERROR:process_memory_win.cc(73)] ReadMemory at 0x14cc3e8ade0 of 132 bytes failed: Only part of a ReadProcessMemory or WriteProcessMemory request was completed. (0x12B)
[0306/162927.603:ERROR:process_memory_win.cc(73)] ReadMemory at 0x14cc3e8be60 of 62 bytes failed: Only part of a ReadProcessMemory or WriteProcessMemory request was completed. (0x12B)
[0306/162927.603:ERROR:process_memory_win.cc(73)] ReadMemory at 0x14cc3e8c970 of 132 bytes failed: Only part of a ReadProcessMemory or WriteProcessMemory request was completed. (0x12B)
[0306/162927.603:ERROR:process_memory_win.cc(73)] ReadMemory at 0x14cc3e8cb00 of 80 bytes failed: Only part of a ReadProcessMemory or WriteProcessMemory request was completed. (0x12B)
[0306/162927.603:ERROR:process_memory_win.cc(73)] ReadMemory at 0x14cc3e8f3f0 of 54 bytes failed: Only part of a ReadProcessMemory or WriteProcessMemory request was completed. (0x12B)
[0306/162927.603:ERROR:process_memory_win.cc(73)] ReadMemory at 0x14cc3e90010 of 132 bytes failed: Only part of a ReadProcessMemory or WriteProcessMemory request was completed. (0x12B)
[0306/162927.603:ERROR:process_memory_win.cc(73)] ReadMemory at 0x14cc3e90140 of 132 bytes failed: Only part of a ReadProcessMemory or WriteProcessMemory request was completed. (0x12B)
[0306/162927.604:ERROR:process_memory_win.cc(73)] ReadMemory at 0x14cc3e904d0 of 132 bytes failed: Only part of a ReadProcessMemory or WriteProcessMemory request was completed. (0x12B)
[0306/162927.604:ERROR:process_memory_win.cc(73)] ReadMemory at 0x14cc3e90600 of 132 bytes failed: Only part of a ReadProcessMemory or WriteProcessMemory request was completed. (0x12B)
[0306/162927.604:ERROR:process_memory_win.cc(73)] ReadMemory at 0x14cc3e90e50 of 132 bytes failed: Only part of a ReadProcessMemory or WriteProcessMemory request was completed. (0x12B)
[0306/162927.604:ERROR:process_memory_win.cc(73)] ReadMemory at 0x14cc3e91310 of 132 bytes failed: Only part of a ReadProcessMemory or WriteProcessMemory request was completed. (0x12B)
[0306/162927.604:ERROR:process_memory_win.cc(73)] ReadMemory at 0x14cc3e91440 of 132 bytes failed: Only part of a ReadProcessMemory or WriteProcessMemory request was completed. (0x12B)
[0306/162927.604:ERROR:process_memory_win.cc(73)] ReadMemory at 0x14cc3e91570 of 132 bytes failed: Only part of a ReadProcessMemory or WriteProcessMemory request was completed. (0x12B)
[0306/162927.604:ERROR:process_memory_win.cc(73)] ReadMemory at 0x14cc3e916a0 of 132 bytes failed: Only part of a ReadProcessMemory or WriteProcessMemory request was completed. (0x12B)
[0306/162927.604:ERROR:process_memory_win.cc(73)] ReadMemory at 0x14cc3e91900 of 132 bytes failed: Only part of a ReadProcessMemory or WriteProcessMemory request was completed. (0x12B)
[0306/162927.604:ERROR:process_memory_win.cc(73)] ReadMemory at 0x14cc3e92c60 of 132 bytes failed: Only part of a ReadProcessMemory or WriteProcessMemory request was completed. (0x12B)
[0306/162927.604:ERROR:process_memory_win.cc(73)] ReadMemory at 0x14cc3e92e80 of 132 bytes failed: Only part of a ReadProcessMemory or WriteProcessMemory request was completed. (0x12B)
[0306/162927.604:ERROR:process_memory_win.cc(73)] ReadMemory at 0x14cc3e931e0 of 132 bytes failed: Only part of a ReadProcessMemory or WriteProcessMemory request was completed. (0x12B)
[0306/162927.604:ERROR:process_memory_win.cc(73)] ReadMemory at 0x14cc3e933f0 of 132 bytes failed: Only part of a ReadProcessMemory or WriteProcessMemory request was completed. (0x12B)
[0306/162927.604:ERROR:process_memory_win.cc(73)] ReadMemory at 0x14cc3e93fd0 of 132 bytes failed: Only part of a ReadProcessMemory or WriteProcessMemory request was completed. (0x12B)
[0306/162927.604:ERROR:process_memory_win.cc(73)] ReadMemory at 0x14cc3e94320 of 132 bytes failed: Only part of a ReadProcessMemory or WriteProcessMemory request was completed. (0x12B)
[0306/162927.604:ERROR:process_memory_win.cc(73)] ReadMemory at 0x14cc3e96050 of 76 bytes failed: Only part of a ReadProcessMemory or WriteProcessMemory request was completed. (0x12B)
[0306/162927.604:ERROR:process_memory_win.cc(73)] ReadMemory at 0x14cc3e968f0 of 80 bytes failed: Only part of a ReadProcessMemory or WriteProcessMemory request was completed. (0x12B)
[0306/162927.604:ERROR:process_memory_win.cc(73)] ReadMemory at 0x14cc3e976d0 of 62 bytes failed: Only part of a ReadProcessMemory or WriteProcessMemory request was completed. (0x12B)
[0306/162927.604:ERROR:process_memory_win.cc(73)] ReadMemory at 0x14cc3e97720 of 60 bytes failed: Only part of a ReadProcessMemory or WriteProcessMemory request was completed. (0x12B)
[0306/162927.605:ERROR:process_memory_win.cc(73)] ReadMemory at 0x14cc3e97900 of 62 bytes failed: Only part of a ReadProcessMemory or WriteProcessMemory request was completed. (0x12B)
[0306/162927.605:ERROR:process_memory_win.cc(73)] ReadMemory at 0x14cc3e979f0 of 66 bytes failed: Only part of a ReadProcessMemory or WriteProcessMemory request was completed. (0x12B)
[0306/162927.605:ERROR:process_memory_win.cc(73)] ReadMemory at 0x14cc3e97a40 of 60 bytes failed: Only part of a ReadProcessMemory or WriteProcessMemory request was completed. (0x12B)
[0306/162927.605:ERROR:process_memory_win.cc(73)] ReadMemory at 0x14cc3e97a90 of 62 bytes failed: Only part of a ReadProcessMemory or WriteProcessMemory request was completed. (0x12B)
[0306/162927.605:ERROR:process_memory_win.cc(73)] ReadMemory at 0x14cc3e97b30 of 62 bytes failed: Only part of a ReadProcessMemory or WriteProcessMemory request was completed. (0x12B)
[0306/162927.605:ERROR:process_memory_win.cc(73)] ReadMemory at 0x14cc3e97bd0 of 62 bytes failed: Only part of a ReadProcessMemory or WriteProcessMemory request was completed. (0x12B)
[0306/162927.605:ERROR:process_memory_win.cc(73)] ReadMemory at 0x14cc3e97c20 of 60 bytes failed: Only part of a ReadProcessMemory or WriteProcessMemory request was completed. (0x12B)
[0306/162927.605:ERROR:process_memory_win.cc(73)] ReadMemory at 0x14cc3e97c70 of 62 bytes failed: Only part of a ReadProcessMemory or WriteProcessMemory request was completed. (0x12B)
[0306/162927.605:ERROR:process_memory_win.cc(73)] ReadMemory at 0x14cc3e97d60 of 64 bytes failed: Only part of a ReadProcessMemory or WriteProcessMemory request was completed. (0x12B)
[0306/162927.605:ERROR:process_memory_win.cc(73)] ReadMemory at 0x14cc3e97e50 of 60 bytes failed: Only part of a ReadProcessMemory or WriteProcessMemory request was completed. (0x12B)
[0306/162927.605:ERROR:process_memory_win.cc(73)] ReadMemory at 0x14cc3e97ea0 of 60 bytes failed: Only part of a ReadProcessMemory or WriteProcessMemory request was completed. (0x12B)
[0306/162927.605:ERROR:process_memory_win.cc(73)] ReadMemory at 0x14cc3e97ef0 of 64 bytes failed: Only part of a ReadProcessMemory or WriteProcessMemory request was completed. (0x12B)
[0306/162927.605:ERROR:process_memory_win.cc(73)] ReadMemory at 0x14cc3e97f40 of 64 bytes failed: Only part of a ReadProcessMemory or WriteProcessMemory request was completed. (0x12B)
[0306/162927.605:ERROR:process_memory_win.cc(73)] ReadMemory at 0x14cc3e97fe0 of 64 bytes failed: Only part of a ReadProcessMemory or WriteProcessMemory request was completed. (0x12B)
[0306/162927.605:ERROR:process_memory_win.cc(73)] ReadMemory at 0x14cc3e98030 of 60 bytes failed: Only part of a ReadProcessMemory or WriteProcessMemory request was completed. (0x12B)
[0306/162927.605:ERROR:process_memory_win.cc(73)] ReadMemory at 0x14cc3e98080 of 62 bytes failed: Only part of a ReadProcessMemory or WriteProcessMemory request was completed. (0x12B)
[0306/162927.605:ERROR:process_memory_win.cc(73)] ReadMemory at 0x14cc3e98170 of 64 bytes failed: Only part of a ReadProcessMemory or WriteProcessMemory request was completed. (0x12B)
[0306/162927.605:ERROR:process_memory_win.cc(73)] ReadMemory at 0x14cc3e98210 of 64 bytes failed: Only part of a ReadProcessMemory or WriteProcessMemory request was completed. (0x12B)
[0306/162927.605:ERROR:process_memory_win.cc(73)] ReadMemory at 0x14cc3e98260 of 66 bytes failed: Only part of a ReadProcessMemory or WriteProcessMemory request was completed. (0x12B)
[0306/162927.605:ERROR:process_memory_win.cc(73)] ReadMemory at 0x14cc3e98350 of 64 bytes failed: Only part of a ReadProcessMemory or WriteProcessMemory request was completed. (0x12B)
[0306/162927.605:ERROR:process_memory_win.cc(73)] ReadMemory at 0x14cc3e983a0 of 64 bytes failed: Only part of a ReadProcessMemory or WriteProcessMemory request was completed. (0x12B)
[0306/162927.605:ERROR:process_memory_win.cc(73)] ReadMemory at 0x14cc3e98490 of 62 bytes failed: Only part of a ReadProcessMemory or WriteProcessMemory request was completed. (0x12B)
[0306/162927.606:ERROR:process_memory_win.cc(73)] ReadMemory at 0x14cc3e984e0 of 62 bytes failed: Only part of a ReadProcessMemory or WriteProcessMemory request was completed. (0x12B)
[0306/162927.606:ERROR:process_memory_win.cc(73)] ReadMemory at 0x14cc3e98530 of 62 bytes failed: Only part of a ReadProcessMemory or WriteProcessMemory request was completed. (0x12B)
[0306/162927.606:ERROR:process_memory_win.cc(73)] ReadMemory at 0x14cc3e985d0 of 58 bytes failed: Only part of a ReadProcessMemory or WriteProcessMemory request was completed. (0x12B)
[0306/162927.606:ERROR:process_memory_win.cc(73)] ReadMemory at 0x14cc3e98f20 of 132 bytes failed: Only part of a ReadProcessMemory or WriteProcessMemory request was completed. (0x12B)
[0306/162927.606:ERROR:process_memory_win.cc(73)] ReadMemory at 0x14cc3e99050 of 132 bytes failed: Only part of a ReadProcessMemory or WriteProcessMemory request was completed. (0x12B)
[0306/162927.606:ERROR:process_memory_win.cc(73)] ReadMemory at 0x14cc3e9da40 of 132 bytes failed: Only part of a ReadProcessMemory or WriteProcessMemory request was completed. (0x12B)
[0306/162927.607:ERROR:process_memory_win.cc(73)] ReadMemory at 0x14cc3e9db70 of 132 bytes failed: Only part of a ReadProcessMemory or WriteProcessMemory request was completed. (0x12B)
[0306/162927.607:ERROR:process_memory_win.cc(73)] ReadMemory at 0x14cc3e9dca0 of 132 bytes failed: Only part of a ReadProcessMemory or WriteProcessMemory request was completed. (0x12B)
[0306/162927.607:ERROR:process_memory_win.cc(73)] ReadMemory at 0x14cc3e9ddd0 of 132 bytes failed: Only part of a ReadProcessMemory or WriteProcessMemory request was completed. (0x12B)
[0306/162927.607:ERROR:process_memory_win.cc(73)] ReadMemory at 0x14cc3e9df00 of 132 bytes failed: Only part of a ReadProcessMemory or WriteProcessMemory request was completed. (0x12B)
[0306/162927.607:ERROR:process_memory_win.cc(73)] ReadMemory at 0x14cc3e9e030 of 132 bytes failed: Only part of a ReadProcessMemory or WriteProcessMemory request was completed. (0x12B)
[0306/162927.607:ERROR:process_memory_win.cc(73)] ReadMemory at 0x14cc3e9e160 of 132 bytes failed: Only part of a ReadProcessMemory or WriteProcessMemory request was completed. (0x12B)
[0306/162927.607:ERROR:process_memory_win.cc(73)] ReadMemory at 0x14cc3e9e290 of 132 bytes failed: Only part of a ReadProcessMemory or WriteProcessMemory request was completed. (0x12B)
[0306/162927.607:ERROR:process_memory_win.cc(73)] ReadMemory at 0x14cc3e9e3c0 of 132 bytes failed: Only part of a ReadProcessMemory or WriteProcessMemory request was completed. (0x12B)
[0306/162927.607:ERROR:process_memory_win.cc(73)] ReadMemory at 0x14cc3e9e4f0 of 132 bytes failed: Only part of a ReadProcessMemory or WriteProcessMemory request was completed. (0x12B)
[0306/162927.607:ERROR:process_memory_win.cc(73)] ReadMemory at 0x14cc3e9e620 of 132 bytes failed: Only part of a ReadProcessMemory or WriteProcessMemory request was completed. (0x12B)
[0306/162927.607:ERROR:process_memory_win.cc(73)] ReadMemory at 0x14cc3e9e880 of 132 bytes failed: Only part of a ReadProcessMemory or WriteProcessMemory request was completed. (0x12B)
[0306/162927.607:ERROR:process_memory_win.cc(73)] ReadMemory at 0x14cc3eb6b70 of 512 bytes failed: Only part of a ReadProcessMemory or WriteProcessMemory request was completed. (0x12B)
[0306/162927.607:ERROR:process_memory_win.cc(73)] ReadMemory at 0x14cc3eb7ac0 of 512 bytes failed: Only part of a ReadProcessMemory or WriteProcessMemory request was completed. (0x12B)
[0306/162927.608:ERROR:process_memory_win.cc(73)] ReadMemory at 0x14cc4353040 of 512 bytes failed: Only part of a ReadProcessMemory or WriteProcessMemory request was completed. (0x12B)
[0306/162927.608:ERROR:process_memory_win.cc(73)] ReadMemory at 0x14cc441b760 of 512 bytes failed: Only part of a ReadProcessMemory or WriteProcessMemory request was completed. (0x12B)
[0306/162927.608:ERROR:process_memory_win.cc(73)] ReadMemory at 0x14cc4423778 of 512 bytes failed: Only part of a ReadProcessMemory or WriteProcessMemory request was completed. (0x12B)
[0306/162927.608:ERROR:process_memory_win.cc(73)] ReadMemory at 0x14cc44244c0 of 896 bytes failed: Only part of a ReadProcessMemory or WriteProcessMemory request was completed. (0x12B)
[0306/162927.608:ERROR:process_memory_win.cc(73)] ReadMemory at 0x14cc4424880 of 800 bytes failed: Only part of a ReadProcessMemory or WriteProcessMemory request was completed. (0x12B)
[0306/162927.608:ERROR:process_memory_win.cc(73)] ReadMemory at 0x14cc44251e0 of 512 bytes failed: Only part of a ReadProcessMemory or WriteProcessMemory request was completed. (0x12B)
[0306/162927.608:ERROR:process_memory_win.cc(73)] ReadMemory at 0x14cc4425c10 of 512 bytes failed: Only part of a ReadProcessMemory or WriteProcessMemory request was completed. (0x12B)
[0306/162927.608:ERROR:process_memory_win.cc(73)] ReadMemory at 0x14cc444d6d0 of 712 bytes failed: Only part of a ReadProcessMemory or WriteProcessMemory request was completed. (0x12B)
[0306/162927.608:ERROR:process_memory_win.cc(73)] ReadMemory at 0x14cc4451648 of 512 bytes failed: Only part of a ReadProcessMemory or WriteProcessMemory request was completed. (0x12B)
[0306/162927.608:ERROR:process_memory_win.cc(73)] ReadMemory at 0x14cc44520f8 of 512 bytes failed: Only part of a ReadProcessMemory or WriteProcessMemory request was completed. (0x12B)
[0306/162927.608:ERROR:process_memory_win.cc(73)] ReadMemory at 0x14cc4452608 of 512 bytes failed: Only part of a ReadProcessMemory or WriteProcessMemory request was completed. (0x12B)
[0306/162927.608:ERROR:process_memory_win.cc(73)] ReadMemory at 0x14cc44528d8 of 512 bytes failed: Only part of a ReadProcessMemory or WriteProcessMemory request was completed. (0x12B)
[0306/162927.608:ERROR:process_memory_win.cc(73)] ReadMemory at 0x14cc4452cc8 of 512 bytes failed: Only part of a ReadProcessMemory or WriteProcessMemory request was completed. (0x12B)
[0306/162927.608:ERROR:process_memory_win.cc(73)] ReadMemory at 0x14cc62c5b00 of 512 bytes failed: Only part of a ReadProcessMemory or WriteProcessMemory request was completed. (0x12B)
[0306/162927.608:ERROR:process_memory_win.cc(73)] ReadMemory at 0x14cc62f5680 of 512 bytes failed: Only part of a ReadProcessMemory or WriteProcessMemory request was completed. (0x12B)
[0306/162927.608:ERROR:process_memory_win.cc(73)] ReadMemory at 0x14cc6310510 of 512 bytes failed: Only part of a ReadProcessMemory or WriteProcessMemory request was completed. (0x12B)
[0306/162927.608:ERROR:process_memory_win.cc(73)] ReadMemory at 0x14cc6875818 of 512 bytes failed: Only part of a ReadProcessMemory or WriteProcessMemory request was completed. (0x12B)
[0306/162927.609:ERROR:process_memory_win.cc(73)] ReadMemory at 0x14cc68958b0 of 512 bytes failed: Only part of a ReadProcessMemory or WriteProcessMemory request was completed. (0x12B)
[0306/162927.609:ERROR:process_memory_win.cc(73)] ReadMemory at 0x14cc7966540 of 608 bytes failed: Only part of a ReadProcessMemory or WriteProcessMemory request was completed. (0x12B)
[0306/162927.609:ERROR:process_memory_win.cc(73)] ReadMemory at 0x14ccab570f0 of 512 bytes failed: Only part of a ReadProcessMemory or WriteProcessMemory request was completed. (0x12B)
[0306/162927.609:ERROR:process_memory_win.cc(73)] ReadMemory at 0x14ccae3d1a0 of 512 bytes failed: Only part of a ReadProcessMemory or WriteProcessMemory request was completed. (0x12B)
[0306/162927.609:ERROR:process_memory_win.cc(73)] ReadMemory at 0x14cccecf1c0 of 512 bytes failed: Only part of a ReadProcessMemory or WriteProcessMemory request was completed. (0x12B)
[0306/162927.609:ERROR:process_memory_win.cc(73)] ReadMemory at 0x14cd063afc8 of 512 bytes failed: Only part of a ReadProcessMemory or WriteProcessMemory request was completed. (0x12B)
[0306/162927.609:ERROR:process_memory_win.cc(73)] ReadMemory at 0xec200000000 of 384 bytes failed: Only part of a ReadProcessMemory or WriteProcessMemory request was completed. (0x12B)
[0306/162927.609:ERROR:process_memory_win.cc(73)] ReadMemory at 0xec208196c15 of 512 bytes failed: Only part of a ReadProcessMemory or WriteProcessMemory request was completed. (0x12B)
[0306/162927.609:ERROR:process_memory_win.cc(73)] ReadMemory at 0xec2082557bd of 512 bytes failed: Only part of a ReadProcessMemory or WriteProcessMemory request was completed. (0x12B)
[0306/162927.609:ERROR:process_memory_win.cc(73)] ReadMemory at 0xec20ba250a1 of 512 bytes failed: Only part of a ReadProcessMemory or WriteProcessMemory request was completed. (0x12B)
[0306/162927.609:ERROR:process_memory_win.cc(73)] ReadMemory at 0xec24dc775dd of 512 bytes failed: Only part of a ReadProcessMemory or WriteProcessMemory request was completed. (0x12B)
[0306/162927.610:ERROR:process_memory_win.cc(73)] ReadMemory at 0xec24dd32381 of 512 bytes failed: Only part of a ReadProcessMemory or WriteProcessMemory request was completed. (0x12B)
[0306/162927.610:ERROR:process_memory_win.cc(73)] ReadMemory at 0x337a816e17c0 of 512 bytes failed: Only part of a ReadProcessMemory or WriteProcessMemory request was completed. (0x12B)
[0306/162927.610:ERROR:process_memory_win.cc(73)] ReadMemory at 0x4958010a17c0 of 512 bytes failed: Only part of a ReadProcessMemory or WriteProcessMemory request was completed. (0x12B)
[0306/162927.613:ERROR:scoped_process_suspend.cc(40)] NtResumeProcess: An attempt was made to access an exiting process. (0xc000010a)
